<?xml version="1.0" encoding="UTF-8"?>
<!-- Generated by org.testng.reporters.JUnitReportReporter -->
<testsuite skipped="0" hostname="DESKTOP-F8G6VDQ" name="com.capg.my_maven_project.AppTest" tests="1" failures="0" timestamp="30 Dec 2017 09:17:17 GMT" time="0.010" errors="0">
  <testcase name="sample" time="0.010" classname="com.capg.my_maven_project.AppTest"/>
</testsuite> <!-- com.capg.my_maven_project.AppTest -->
