<?xml version="1.0" encoding="UTF-8"?>
<!-- Generated by org.testng.reporters.JUnitReportReporter -->
<testsuite name="com.capg.my_maven_project.AppTest" tests="1" time="0.013" ignored="0" failures="0" timestamp="31 Dec 2017 01:46:31 GMT" skipped="0" hostname="DESKTOP-F8G6VDQ" errors="0">
  <testcase name="sample" time="0.013" classname="com.capg.my_maven_project.AppTest"/>
</testsuite> <!-- com.capg.my_maven_project.AppTest -->
